<?xml version="1.0" encoding="UTF-8"?>
<!-- Generated by org.testng.reporters.JUnitReportReporter -->
<testsuite skipped="0" hostname="LAPTOP-P9SL0QAP" name="com.w2a.testcases.LoginTest" tests="1" failures="0" timestamp="22 Aug 2018 07:06:38 GMT" time="11.286" errors="0">
  <testcase name="loginAsBankManger" time="11.286" classname="com.w2a.testcases.LoginTest"/>
</testsuite> <!-- com.w2a.testcases.LoginTest -->
