<?xml version="1.0" encoding="UTF-8"?>
<!-- Generated by org.testng.reporters.JUnitReportReporter -->
<testsuite skipped="0" hostname="LAPTOP-P9SL0QAP" name="com.w2a.testcases.OpenAccountTest" tests="1" failures="0" timestamp="23 Aug 2018 06:07:15 GMT" time="6.304" errors="0">
  <testcase name="openAccountTest" time="6.304" classname="com.w2a.testcases.OpenAccountTest"/>
</testsuite> <!-- com.w2a.testcases.OpenAccountTest -->
