<?xml version="1.0" encoding="UTF-8"?>
<!-- Generated by org.testng.reporters.JUnitReportReporter -->
<testsuite skipped="0" hostname="LAPTOP-P9SL0QAP" name="com.w2a.testcases.AddCustomerTest" tests="5" failures="0" timestamp="23 Aug 2018 06:07:15 GMT" time="41.917" errors="0">
  <testcase name="addCustomerTest" time="9.994" classname="com.w2a.testcases.AddCustomerTest"/>
  <testcase name="addCustomerTest" time="7.984" classname="com.w2a.testcases.AddCustomerTest"/>
  <testcase name="addCustomerTest" time="7.790" classname="com.w2a.testcases.AddCustomerTest"/>
  <testcase name="addCustomerTest" time="7.907" classname="com.w2a.testcases.AddCustomerTest"/>
  <testcase name="addCustomerTest" time="8.242" classname="com.w2a.testcases.AddCustomerTest"/>
</testsuite> <!-- com.w2a.testcases.AddCustomerTest -->
